0 info it worked if it ends with ok
1 verbose cli [ 'C:\\Program Files\\nodejs\\node.exe',
1 verbose cli   'C:\\Users\\Mac\\AppData\\Roaming\\npm\\node_modules\\npm\\bin\\npm-cli.js',
1 verbose cli   'install',
1 verbose cli   'zerorpc',
1 verbose cli   '--save' ]
2 info using npm@3.10.9
3 info using node@v4.4.7
4 silly loadCurrentTree Starting
5 silly install loadCurrentTree
6 silly install readLocalPackageData
7 silly fetchPackageMetaData zerorpc
8 silly fetchNamedPackageData zerorpc
9 silly mapToRegistry name zerorpc
10 silly mapToRegistry using default registry
11 silly mapToRegistry registry https://registry.npmjs.org/
12 silly mapToRegistry data Result {
12 silly mapToRegistry   raw: 'zerorpc',
12 silly mapToRegistry   scope: null,
12 silly mapToRegistry   escapedName: 'zerorpc',
12 silly mapToRegistry   name: 'zerorpc',
12 silly mapToRegistry   rawSpec: '',
12 silly mapToRegistry   spec: 'latest',
12 silly mapToRegistry   type: 'tag' }
13 silly mapToRegistry uri https://registry.npmjs.org/zerorpc
14 verbose request uri https://registry.npmjs.org/zerorpc
15 verbose request no auth needed
16 info attempt registry request try #1 at 5:39:26 PM
17 verbose request id 5874076d0df75afc
18 verbose etag W/"588fdcc5-8e9e"
19 verbose lastModified Tue, 31 Jan 2017 00:39:33 GMT
20 http request GET https://registry.npmjs.org/zerorpc
21 http 304 https://registry.npmjs.org/zerorpc
22 verbose headers { date: 'Sat, 04 Nov 2017 21:39:29 GMT',
22 verbose headers   via: '1.1 varnish',
22 verbose headers   'cache-control': 'max-age=300',
22 verbose headers   etag: 'W/"588fdcc5-8e9e"',
22 verbose headers   age: '0',
22 verbose headers   connection: 'keep-alive',
22 verbose headers   'x-served-by': 'cache-dca17730-DCA',
22 verbose headers   'x-cache': 'MISS',
22 verbose headers   'x-cache-hits': '0',
22 verbose headers   'x-timer': 'S1509831569.037934,VS0,VE8',
22 verbose headers   vary: 'Accept-Encoding, Accept' }
23 silly get cb [ 304,
23 silly get   { date: 'Sat, 04 Nov 2017 21:39:29 GMT',
23 silly get     via: '1.1 varnish',
23 silly get     'cache-control': 'max-age=300',
23 silly get     etag: 'W/"588fdcc5-8e9e"',
23 silly get     age: '0',
23 silly get     connection: 'keep-alive',
23 silly get     'x-served-by': 'cache-dca17730-DCA',
23 silly get     'x-cache': 'MISS',
23 silly get     'x-cache-hits': '0',
23 silly get     'x-timer': 'S1509831569.037934,VS0,VE8',
23 silly get     vary: 'Accept-Encoding, Accept' } ]
24 verbose etag https://registry.npmjs.org/zerorpc from cache
25 verbose get saving zerorpc to C:\Users\Mac\AppData\Roaming\npm-cache\registry.npmjs.org\zerorpc\.cache.json
26 verbose correctMkdir C:\Users\Mac\AppData\Roaming\npm-cache correctMkdir not in flight; initializing
27 silly install normalizeTree
28 silly loadCurrentTree Finishing
29 silly loadIdealTree Starting
30 silly install loadIdealTree
31 silly cloneCurrentTree Starting
32 silly install cloneCurrentTreeToIdealTree
33 silly cloneCurrentTree Finishing
34 silly loadShrinkwrap Starting
35 silly install loadShrinkwrap
36 silly loadShrinkwrap Finishing
37 silly loadAllDepsIntoIdealTree Starting
38 silly install loadAllDepsIntoIdealTree
39 silly resolveWithNewModule zerorpc@0.9.7 checking installable status
40 silly cache add args [ 'zerorpc', null ]
41 verbose cache add spec zerorpc
42 silly cache add parsed spec Result {
42 silly cache add   raw: 'zerorpc',
42 silly cache add   scope: null,
42 silly cache add   escapedName: 'zerorpc',
42 silly cache add   name: 'zerorpc',
42 silly cache add   rawSpec: '',
42 silly cache add   spec: 'latest',
42 silly cache add   type: 'tag' }
43 silly addNamed zerorpc@latest
44 verbose addNamed "latest" is being treated as a dist-tag for zerorpc
45 info addNameTag [ 'zerorpc', 'latest' ]
46 silly mapToRegistry name zerorpc
47 silly mapToRegistry using default registry
48 silly mapToRegistry registry https://registry.npmjs.org/
49 silly mapToRegistry data Result {
49 silly mapToRegistry   raw: 'zerorpc',
49 silly mapToRegistry   scope: null,
49 silly mapToRegistry   escapedName: 'zerorpc',
49 silly mapToRegistry   name: 'zerorpc',
49 silly mapToRegistry   rawSpec: '',
49 silly mapToRegistry   spec: 'latest',
49 silly mapToRegistry   type: 'tag' }
50 silly mapToRegistry uri https://registry.npmjs.org/zerorpc
51 verbose addNameTag registry:https://registry.npmjs.org/zerorpc not in flight; fetching
52 verbose get https://registry.npmjs.org/zerorpc not expired, no request
53 silly addNameTag next cb for zerorpc with tag latest
54 silly addNamed zerorpc@0.9.7
55 verbose addNamed "0.9.7" is a plain semver version for zerorpc
56 silly cache afterAdd zerorpc@0.9.7
57 verbose afterAdd C:\Users\Mac\AppData\Roaming\npm-cache\zerorpc\0.9.7\package\package.json not in flight; writing
58 verbose correctMkdir C:\Users\Mac\AppData\Roaming\npm-cache correctMkdir not in flight; initializing
59 verbose afterAdd C:\Users\Mac\AppData\Roaming\npm-cache\zerorpc\0.9.7\package\package.json written
60 silly fetchNamedPackageData msgpack
61 silly mapToRegistry name msgpack
62 silly mapToRegistry using default registry
63 silly mapToRegistry registry https://registry.npmjs.org/
64 silly mapToRegistry data Result {
64 silly mapToRegistry   raw: 'msgpack',
64 silly mapToRegistry   scope: null,
64 silly mapToRegistry   escapedName: 'msgpack',
64 silly mapToRegistry   name: 'msgpack',
64 silly mapToRegistry   rawSpec: '',
64 silly mapToRegistry   spec: 'latest',
64 silly mapToRegistry   type: 'tag' }
65 silly mapToRegistry uri https://registry.npmjs.org/msgpack
66 verbose request uri https://registry.npmjs.org/msgpack
67 verbose request no auth needed
68 info attempt registry request try #1 at 5:39:27 PM
69 verbose etag W/"5965fffd-a214"
70 verbose lastModified Wed, 12 Jul 2017 10:54:53 GMT
71 http request GET https://registry.npmjs.org/msgpack
72 http 304 https://registry.npmjs.org/msgpack
73 verbose headers { date: 'Sat, 04 Nov 2017 21:39:29 GMT',
73 verbose headers   via: '1.1 varnish',
73 verbose headers   'cache-control': 'max-age=300',
73 verbose headers   etag: 'W/"5965fffd-a214"',
73 verbose headers   age: '0',
73 verbose headers   connection: 'keep-alive',
73 verbose headers   'x-served-by': 'cache-dca17730-DCA',
73 verbose headers   'x-cache': 'MISS',
73 verbose headers   'x-cache-hits': '0',
73 verbose headers   'x-timer': 'S1509831569.381684,VS0,VE13',
73 verbose headers   vary: 'Accept-Encoding, Accept' }
74 silly get cb [ 304,
74 silly get   { date: 'Sat, 04 Nov 2017 21:39:29 GMT',
74 silly get     via: '1.1 varnish',
74 silly get     'cache-control': 'max-age=300',
74 silly get     etag: 'W/"5965fffd-a214"',
74 silly get     age: '0',
74 silly get     connection: 'keep-alive',
74 silly get     'x-served-by': 'cache-dca17730-DCA',
74 silly get     'x-cache': 'MISS',
74 silly get     'x-cache-hits': '0',
74 silly get     'x-timer': 'S1509831569.381684,VS0,VE13',
74 silly get     vary: 'Accept-Encoding, Accept' } ]
75 verbose etag https://registry.npmjs.org/msgpack from cache
76 verbose get saving msgpack to C:\Users\Mac\AppData\Roaming\npm-cache\registry.npmjs.org\msgpack\.cache.json
77 verbose correctMkdir C:\Users\Mac\AppData\Roaming\npm-cache correctMkdir not in flight; initializing
78 silly resolveWithNewModule msgpack@1.0.2 checking installable status
79 silly cache add args [ 'msgpack@1.0.2', null ]
80 verbose cache add spec msgpack@1.0.2
81 silly cache add parsed spec Result {
81 silly cache add   raw: 'msgpack@1.0.2',
81 silly cache add   scope: null,
81 silly cache add   escapedName: 'msgpack',
81 silly cache add   name: 'msgpack',
81 silly cache add   rawSpec: '1.0.2',
81 silly cache add   spec: '1.0.2',
81 silly cache add   type: 'version' }
82 silly addNamed msgpack@1.0.2
83 verbose addNamed "1.0.2" is a plain semver version for msgpack
84 silly mapToRegistry name msgpack
85 silly mapToRegistry using default registry
86 silly mapToRegistry registry https://registry.npmjs.org/
87 silly mapToRegistry data Result {
87 silly mapToRegistry   raw: 'msgpack',
87 silly mapToRegistry   scope: null,
87 silly mapToRegistry   escapedName: 'msgpack',
87 silly mapToRegistry   name: 'msgpack',
87 silly mapToRegistry   rawSpec: '',
87 silly mapToRegistry   spec: 'latest',
87 silly mapToRegistry   type: 'tag' }
88 silly mapToRegistry uri https://registry.npmjs.org/msgpack
89 verbose addNameVersion registry:https://registry.npmjs.org/msgpack not in flight; fetching
90 verbose get https://registry.npmjs.org/msgpack not expired, no request
91 silly cache afterAdd msgpack@1.0.2
92 verbose afterAdd C:\Users\Mac\AppData\Roaming\npm-cache\msgpack\1.0.2\package\package.json not in flight; writing
93 verbose correctMkdir C:\Users\Mac\AppData\Roaming\npm-cache correctMkdir not in flight; initializing
94 verbose afterAdd C:\Users\Mac\AppData\Roaming\npm-cache\msgpack\1.0.2\package\package.json written
95 silly fetchNamedPackageData nan
96 silly mapToRegistry name nan
97 silly mapToRegistry using default registry
98 silly mapToRegistry registry https://registry.npmjs.org/
99 silly mapToRegistry data Result {
99 silly mapToRegistry   raw: 'nan',
99 silly mapToRegistry   scope: null,
99 silly mapToRegistry   escapedName: 'nan',
99 silly mapToRegistry   name: 'nan',
99 silly mapToRegistry   rawSpec: '',
99 silly mapToRegistry   spec: 'latest',
99 silly mapToRegistry   type: 'tag' }
100 silly mapToRegistry uri https://registry.npmjs.org/nan
101 verbose request uri https://registry.npmjs.org/nan
102 verbose request no auth needed
103 info attempt registry request try #1 at 5:39:27 PM
104 verbose etag W/"59eeab87-20247"
105 verbose lastModified Tue, 24 Oct 2017 02:55:03 GMT
106 http request GET https://registry.npmjs.org/nan
107 http 304 https://registry.npmjs.org/nan
108 verbose headers { date: 'Sat, 04 Nov 2017 21:39:29 GMT',
108 verbose headers   via: '1.1 varnish',
108 verbose headers   'cache-control': 'max-age=300',
108 verbose headers   etag: 'W/"59eeab87-20247"',
108 verbose headers   age: '0',
108 verbose headers   connection: 'keep-alive',
108 verbose headers   'x-served-by': 'cache-dca17730-DCA',
108 verbose headers   'x-cache': 'HIT',
108 verbose headers   'x-cache-hits': '1',
108 verbose headers   'x-timer': 'S1509831570.547397,VS0,VE66',
108 verbose headers   vary: 'Accept-Encoding, Accept' }
109 silly get cb [ 304,
109 silly get   { date: 'Sat, 04 Nov 2017 21:39:29 GMT',
109 silly get     via: '1.1 varnish',
109 silly get     'cache-control': 'max-age=300',
109 silly get     etag: 'W/"59eeab87-20247"',
109 silly get     age: '0',
109 silly get     connection: 'keep-alive',
109 silly get     'x-served-by': 'cache-dca17730-DCA',
109 silly get     'x-cache': 'HIT',
109 silly get     'x-cache-hits': '1',
109 silly get     'x-timer': 'S1509831570.547397,VS0,VE66',
109 silly get     vary: 'Accept-Encoding, Accept' } ]
110 verbose etag https://registry.npmjs.org/nan from cache
111 verbose get saving nan to C:\Users\Mac\AppData\Roaming\npm-cache\registry.npmjs.org\nan\.cache.json
112 verbose correctMkdir C:\Users\Mac\AppData\Roaming\npm-cache correctMkdir not in flight; initializing
113 silly resolveWithNewModule nan@2.7.0 checking installable status
114 silly cache add args [ 'nan@^2.0.9', null ]
115 verbose cache add spec nan@^2.0.9
116 silly cache add parsed spec Result {
116 silly cache add   raw: 'nan@^2.0.9',
116 silly cache add   scope: null,
116 silly cache add   escapedName: 'nan',
116 silly cache add   name: 'nan',
116 silly cache add   rawSpec: '^2.0.9',
116 silly cache add   spec: '>=2.0.9 <3.0.0',
116 silly cache add   type: 'range' }
117 silly addNamed nan@>=2.0.9 <3.0.0
118 verbose addNamed ">=2.0.9 <3.0.0" is a valid semver range for nan
119 silly addNameRange { name: 'nan', range: '>=2.0.9 <3.0.0', hasData: false }
120 silly mapToRegistry name nan
121 silly mapToRegistry using default registry
122 silly mapToRegistry registry https://registry.npmjs.org/
123 silly mapToRegistry data Result {
123 silly mapToRegistry   raw: 'nan',
123 silly mapToRegistry   scope: null,
123 silly mapToRegistry   escapedName: 'nan',
123 silly mapToRegistry   name: 'nan',
123 silly mapToRegistry   rawSpec: '',
123 silly mapToRegistry   spec: 'latest',
123 silly mapToRegistry   type: 'tag' }
124 silly mapToRegistry uri https://registry.npmjs.org/nan
125 verbose addNameRange registry:https://registry.npmjs.org/nan not in flight; fetching
126 verbose get https://registry.npmjs.org/nan not expired, no request
127 silly addNameRange number 2 { name: 'nan', range: '>=2.0.9 <3.0.0', hasData: true }
128 silly addNameRange versions [ 'nan',
128 silly addNameRange   [ '0.3.0-wip',
128 silly addNameRange     '0.3.0-wip2',
128 silly addNameRange     '0.3.0',
128 silly addNameRange     '0.3.1',
128 silly addNameRange     '0.3.2',
128 silly addNameRange     '0.4.0',
128 silly addNameRange     '0.4.1',
128 silly addNameRange     '0.4.2',
128 silly addNameRange     '0.4.3',
128 silly addNameRange     '0.4.4',
128 silly addNameRange     '0.5.0',
128 silly addNameRange     '0.5.1',
128 silly addNameRange     '0.5.2',
128 silly addNameRange     '0.6.0',
128 silly addNameRange     '0.7.0',
128 silly addNameRange     '0.7.1',
128 silly addNameRange     '0.8.0',
128 silly addNameRange     '1.0.0',
128 silly addNameRange     '1.1.0',
128 silly addNameRange     '1.1.1',
128 silly addNameRange     '1.1.2',
128 silly addNameRange     '1.2.0',
128 silly addNameRange     '1.3.0',
128 silly addNameRange     '1.4.0',
128 silly addNameRange     '1.4.1',
128 silly addNameRange     '1.5.0',
128 silly addNameRange     '1.4.2',
128 silly addNameRange     '1.4.3',
128 silly addNameRange     '1.5.1',
128 silly addNameRange     '1.5.2',
128 silly addNameRange     '1.6.0',
128 silly addNameRange     '1.5.3',
128 silly addNameRange     '1.6.1',
128 silly addNameRange     '1.6.2',
128 silly addNameRange     '1.7.0',
128 silly addNameRange     '1.8.0',
128 silly addNameRange     '1.8.1',
128 silly addNameRange     '1.8.2',
128 silly addNameRange     '1.8.3',
128 silly addNameRange     '1.8.4',
128 silly addNameRange     '1.9.0',
128 silly addNameRange     '2.0.0',
128 silly addNameRange     '2.0.1',
128 silly addNameRange     '2.0.2',
128 silly addNameRange     '2.0.3',
128 silly addNameRange     '2.0.4',
128 silly addNameRange     '2.0.5',
128 silly addNameRange     '2.0.6',
128 silly addNameRange     '2.0.7',
128 silly addNameRange     '2.0.8',
128 silly addNameRange     '2.0.9',
128 silly addNameRange     '2.1.0',
128 silly addNameRange     '2.2.0',
128 silly addNameRange     '2.2.1',
128 silly addNameRange     '2.3.0',
128 silly addNameRange     '2.3.1',
128 silly addNameRange     '2.3.2',
128 silly addNameRange     '2.3.3',
128 silly addNameRange     '2.3.4',
128 silly addNameRange     '2.3.5',
128 silly addNameRange     '2.4.0',
128 silly addNameRange     '2.5.0',
128 silly addNameRange     '2.5.1',
128 silly addNameRange     '2.6.0',
128 silly addNameRange     '2.6.1',
128 silly addNameRange     '2.6.2',
128 silly addNameRange     '2.7.0' ] ]
129 silly addNamed nan@2.7.0
130 verbose addNamed "2.7.0" is a plain semver version for nan
131 silly cache afterAdd nan@2.7.0
132 verbose afterAdd C:\Users\Mac\AppData\Roaming\npm-cache\nan\2.7.0\package\package.json not in flight; writing
133 verbose correctMkdir C:\Users\Mac\AppData\Roaming\npm-cache correctMkdir not in flight; initializing
134 verbose afterAdd C:\Users\Mac\AppData\Roaming\npm-cache\nan\2.7.0\package\package.json written
135 silly loadAllDepsIntoIdealTree Finishing
136 silly loadIdealTree Finishing
137 silly currentTree cactuspiebot@1.0.0
137 silly currentTree +-- abbrev@1.1.1
137 silly currentTree +-- ajv@5.3.0
137 silly currentTree +-- ansi-regex@2.1.1
137 silly currentTree +-- aproba@1.2.0
137 silly currentTree +-- are-we-there-yet@1.1.4
137 silly currentTree +-- asn1@0.2.3
137 silly currentTree +-- assert-plus@1.0.0
137 silly currentTree +-- asynckit@0.4.0
137 silly currentTree +-- aws-sign2@0.7.0
137 silly currentTree +-- aws4@1.6.0
137 silly currentTree +-- balanced-match@1.0.0
137 silly currentTree +-- bcrypt-pbkdf@1.0.1
137 silly currentTree +-- bindings@1.2.1
137 silly currentTree +-- block-stream@0.0.9
137 silly currentTree +-- boom@4.3.1
137 silly currentTree +-- brace-expansion@1.1.8
137 silly currentTree +-- caseless@0.12.0
137 silly currentTree +-- cjopus@0.0.4
137 silly currentTree +-- co@4.6.0
137 silly currentTree +-- code-point-at@1.1.0
137 silly currentTree +-- combined-stream@1.0.5
137 silly currentTree +-- concat-map@0.0.1
137 silly currentTree +-- console-control-strings@1.1.0
137 silly currentTree +-- core-util-is@1.0.2
137 silly currentTree +-- cryptiles@3.1.2
137 silly currentTree | `-- boom@5.2.0
137 silly currentTree +-- dashdash@1.14.1
137 silly currentTree +-- delayed-stream@1.0.0
137 silly currentTree +-- delegates@1.0.0
137 silly currentTree +-- discord.io@2.5.3
137 silly currentTree +-- ecc-jsbn@0.1.1
137 silly currentTree +-- extend@3.0.1
137 silly currentTree +-- extsprintf@1.3.0
137 silly currentTree +-- fast-deep-equal@1.0.0
137 silly currentTree +-- fast-json-stable-stringify@2.0.0
137 silly currentTree +-- forever-agent@0.6.1
137 silly currentTree +-- form-data@2.3.1
137 silly currentTree +-- fs.realpath@1.0.0
137 silly currentTree +-- fstream@1.0.11
137 silly currentTree +-- gauge@2.7.4
137 silly currentTree +-- getpass@0.1.7
137 silly currentTree +-- glob@7.1.2
137 silly currentTree +-- graceful-fs@4.1.11
137 silly currentTree +-- har-schema@2.0.0
137 silly currentTree +-- har-validator@5.0.3
137 silly currentTree +-- has-unicode@2.0.1
137 silly currentTree +-- hawk@6.0.2
137 silly currentTree +-- hoek@4.2.0
137 silly currentTree +-- http-signature@1.2.0
137 silly currentTree +-- inflight@1.0.6
137 silly currentTree +-- inherits@2.0.3
137 silly currentTree +-- is-fullwidth-code-point@1.0.0
137 silly currentTree +-- is-typedarray@1.0.0
137 silly currentTree +-- isarray@1.0.0
137 silly currentTree +-- isexe@2.0.0
137 silly currentTree +-- isstream@0.1.2
137 silly currentTree +-- jsbn@0.1.1
137 silly currentTree +-- json-schema-traverse@0.3.1
137 silly currentTree +-- json-schema@0.2.3
137 silly currentTree +-- json-stringify-safe@5.0.1
137 silly currentTree +-- jsprim@1.4.1
137 silly currentTree +-- lodash@4.17.4
137 silly currentTree +-- mime-db@1.30.0
137 silly currentTree +-- mime-types@2.1.17
137 silly currentTree +-- minimatch@3.0.4
137 silly currentTree +-- minimist@0.0.8
137 silly currentTree +-- mkdirp@0.5.1
137 silly currentTree +-- node-gyp@3.6.2
137 silly currentTree +-- nopt@3.0.6
137 silly currentTree +-- npmlog@4.1.2
137 silly currentTree +-- number-is-nan@1.0.1
137 silly currentTree +-- oauth-sign@0.8.2
137 silly currentTree +-- object-assign@4.1.1
137 silly currentTree +-- once@1.4.0
137 silly currentTree +-- options@0.0.6
137 silly currentTree +-- os-homedir@1.0.2
137 silly currentTree +-- os-tmpdir@1.0.2
137 silly currentTree +-- osenv@0.1.4
137 silly currentTree +-- path-is-absolute@1.0.1
137 silly currentTree +-- performance-now@2.1.0
137 silly currentTree +-- process-nextick-args@1.0.7
137 silly currentTree +-- punycode@1.4.1
137 silly currentTree +-- qs@6.5.1
137 silly currentTree +-- readable-stream@2.3.3
137 silly currentTree +-- request@2.83.0
137 silly currentTree +-- rimraf@2.6.2
137 silly currentTree +-- safe-buffer@5.1.1
137 silly currentTree +-- semver@5.3.0
137 silly currentTree +-- set-blocking@2.0.0
137 silly currentTree +-- signal-exit@3.0.2
137 silly currentTree +-- sntp@2.1.0
137 silly currentTree +-- sshpk@1.13.1
137 silly currentTree +-- string_decoder@1.0.3
137 silly currentTree +-- string-width@1.0.2
137 silly currentTree +-- stringstream@0.0.5
137 silly currentTree +-- strip-ansi@3.0.1
137 silly currentTree +-- tar@2.2.1
137 silly currentTree +-- tough-cookie@2.3.3
137 silly currentTree +-- tunnel-agent@0.6.0
137 silly currentTree +-- tweetnacl@0.14.5
137 silly currentTree +-- ultron@1.0.2
137 silly currentTree +-- underscore@1.3.3
137 silly currentTree +-- util-deprecate@1.0.2
137 silly currentTree +-- uuid@3.1.0
137 silly currentTree +-- verror@1.10.0
137 silly currentTree +-- which@1.3.0
137 silly currentTree +-- wide-align@1.1.2
137 silly currentTree +-- wrappy@1.0.2
137 silly currentTree +-- ws@1.1.4
137 silly currentTree `-- zmq@2.15.3
137 silly currentTree   `-- nan@2.3.5
138 silly idealTree cactuspiebot@1.0.0
138 silly idealTree +-- abbrev@1.1.1
138 silly idealTree +-- ajv@5.3.0
138 silly idealTree +-- ansi-regex@2.1.1
138 silly idealTree +-- aproba@1.2.0
138 silly idealTree +-- are-we-there-yet@1.1.4
138 silly idealTree +-- asn1@0.2.3
138 silly idealTree +-- assert-plus@1.0.0
138 silly idealTree +-- asynckit@0.4.0
138 silly idealTree +-- aws-sign2@0.7.0
138 silly idealTree +-- aws4@1.6.0
138 silly idealTree +-- balanced-match@1.0.0
138 silly idealTree +-- bcrypt-pbkdf@1.0.1
138 silly idealTree +-- bindings@1.2.1
138 silly idealTree +-- block-stream@0.0.9
138 silly idealTree +-- boom@4.3.1
138 silly idealTree +-- brace-expansion@1.1.8
138 silly idealTree +-- caseless@0.12.0
138 silly idealTree +-- cjopus@0.0.4
138 silly idealTree +-- co@4.6.0
138 silly idealTree +-- code-point-at@1.1.0
138 silly idealTree +-- combined-stream@1.0.5
138 silly idealTree +-- concat-map@0.0.1
138 silly idealTree +-- console-control-strings@1.1.0
138 silly idealTree +-- core-util-is@1.0.2
138 silly idealTree +-- cryptiles@3.1.2
138 silly idealTree | `-- boom@5.2.0
138 silly idealTree +-- dashdash@1.14.1
138 silly idealTree +-- delayed-stream@1.0.0
138 silly idealTree +-- delegates@1.0.0
138 silly idealTree +-- discord.io@2.5.3
138 silly idealTree +-- ecc-jsbn@0.1.1
138 silly idealTree +-- extend@3.0.1
138 silly idealTree +-- extsprintf@1.3.0
138 silly idealTree +-- fast-deep-equal@1.0.0
138 silly idealTree +-- fast-json-stable-stringify@2.0.0
138 silly idealTree +-- forever-agent@0.6.1
138 silly idealTree +-- form-data@2.3.1
138 silly idealTree +-- fs.realpath@1.0.0
138 silly idealTree +-- fstream@1.0.11
138 silly idealTree +-- gauge@2.7.4
138 silly idealTree +-- getpass@0.1.7
138 silly idealTree +-- glob@7.1.2
138 silly idealTree +-- graceful-fs@4.1.11
138 silly idealTree +-- har-schema@2.0.0
138 silly idealTree +-- har-validator@5.0.3
138 silly idealTree +-- has-unicode@2.0.1
138 silly idealTree +-- hawk@6.0.2
138 silly idealTree +-- hoek@4.2.0
138 silly idealTree +-- http-signature@1.2.0
138 silly idealTree +-- inflight@1.0.6
138 silly idealTree +-- inherits@2.0.3
138 silly idealTree +-- is-fullwidth-code-point@1.0.0
138 silly idealTree +-- is-typedarray@1.0.0
138 silly idealTree +-- isarray@1.0.0
138 silly idealTree +-- isexe@2.0.0
138 silly idealTree +-- isstream@0.1.2
138 silly idealTree +-- jsbn@0.1.1
138 silly idealTree +-- json-schema-traverse@0.3.1
138 silly idealTree +-- json-schema@0.2.3
138 silly idealTree +-- json-stringify-safe@5.0.1
138 silly idealTree +-- jsprim@1.4.1
138 silly idealTree +-- lodash@4.17.4
138 silly idealTree +-- mime-db@1.30.0
138 silly idealTree +-- mime-types@2.1.17
138 silly idealTree +-- minimatch@3.0.4
138 silly idealTree +-- minimist@0.0.8
138 silly idealTree +-- mkdirp@0.5.1
138 silly idealTree +-- msgpack@1.0.2
138 silly idealTree +-- nan@2.7.0
138 silly idealTree +-- node-gyp@3.6.2
138 silly idealTree +-- nopt@3.0.6
138 silly idealTree +-- npmlog@4.1.2
138 silly idealTree +-- number-is-nan@1.0.1
138 silly idealTree +-- oauth-sign@0.8.2
138 silly idealTree +-- object-assign@4.1.1
138 silly idealTree +-- once@1.4.0
138 silly idealTree +-- options@0.0.6
138 silly idealTree +-- os-homedir@1.0.2
138 silly idealTree +-- os-tmpdir@1.0.2
138 silly idealTree +-- osenv@0.1.4
138 silly idealTree +-- path-is-absolute@1.0.1
138 silly idealTree +-- performance-now@2.1.0
138 silly idealTree +-- process-nextick-args@1.0.7
138 silly idealTree +-- punycode@1.4.1
138 silly idealTree +-- qs@6.5.1
138 silly idealTree +-- readable-stream@2.3.3
138 silly idealTree +-- request@2.83.0
138 silly idealTree +-- rimraf@2.6.2
138 silly idealTree +-- safe-buffer@5.1.1
138 silly idealTree +-- semver@5.3.0
138 silly idealTree +-- set-blocking@2.0.0
138 silly idealTree +-- signal-exit@3.0.2
138 silly idealTree +-- sntp@2.1.0
138 silly idealTree +-- sshpk@1.13.1
138 silly idealTree +-- string_decoder@1.0.3
138 silly idealTree +-- string-width@1.0.2
138 silly idealTree +-- stringstream@0.0.5
138 silly idealTree +-- strip-ansi@3.0.1
138 silly idealTree +-- tar@2.2.1
138 silly idealTree +-- tough-cookie@2.3.3
138 silly idealTree +-- tunnel-agent@0.6.0
138 silly idealTree +-- tweetnacl@0.14.5
138 silly idealTree +-- ultron@1.0.2
138 silly idealTree +-- underscore@1.3.3
138 silly idealTree +-- util-deprecate@1.0.2
138 silly idealTree +-- uuid@3.1.0
138 silly idealTree +-- verror@1.10.0
138 silly idealTree +-- which@1.3.0
138 silly idealTree +-- wide-align@1.1.2
138 silly idealTree +-- wrappy@1.0.2
138 silly idealTree +-- ws@1.1.4
138 silly idealTree +-- zerorpc@0.9.7
138 silly idealTree `-- zmq@2.15.3
138 silly idealTree   `-- nan@2.3.5
139 silly generateActionsToTake Starting
140 silly install generateActionsToTake
141 silly generateActionsToTake Finishing
142 silly diffTrees action count 3
143 silly diffTrees add nan@2.7.0
144 silly diffTrees add msgpack@1.0.2
145 silly diffTrees add zerorpc@0.9.7
146 silly decomposeActions action count 24
147 silly decomposeActions fetch nan@2.7.0
148 silly decomposeActions extract nan@2.7.0
149 silly decomposeActions test nan@2.7.0
150 silly decomposeActions preinstall nan@2.7.0
151 silly decomposeActions build nan@2.7.0
152 silly decomposeActions install nan@2.7.0
153 silly decomposeActions postinstall nan@2.7.0
154 silly decomposeActions finalize nan@2.7.0
155 silly decomposeActions fetch msgpack@1.0.2
156 silly decomposeActions extract msgpack@1.0.2
157 silly decomposeActions test msgpack@1.0.2
158 silly decomposeActions preinstall msgpack@1.0.2
159 silly decomposeActions build msgpack@1.0.2
160 silly decomposeActions install msgpack@1.0.2
161 silly decomposeActions postinstall msgpack@1.0.2
162 silly decomposeActions finalize msgpack@1.0.2
163 silly decomposeActions fetch zerorpc@0.9.7
164 silly decomposeActions extract zerorpc@0.9.7
165 silly decomposeActions test zerorpc@0.9.7
166 silly decomposeActions preinstall zerorpc@0.9.7
167 silly decomposeActions build zerorpc@0.9.7
168 silly decomposeActions install zerorpc@0.9.7
169 silly decomposeActions postinstall zerorpc@0.9.7
170 silly decomposeActions finalize zerorpc@0.9.7
171 silly runTopLevelLifecycles Starting
172 silly executeActions Starting
173 silly install executeActions
174 silly doSerial global-install 0
175 silly doParallel fetch 3
176 verbose correctMkdir C:\Users\Mac\AppData\Roaming\npm-cache\_locks correctMkdir not in flight; initializing
177 verbose lock using C:\Users\Mac\AppData\Roaming\npm-cache\_locks\staging-493c02bd22328f43.lock for C:\Users\Mac\Documents\cactuspiebot\node_modules\.staging
178 silly doParallel extract 3
179 silly extract nan@2.7.0
180 silly extract msgpack@1.0.2
181 silly extract zerorpc@0.9.7
182 verbose unbuild node_modules\.staging\nan-d48a1527
183 verbose unbuild node_modules\.staging\msgpack-4f2c13c1
184 silly gentlyRm C:\Users\Mac\Documents\cactuspiebot\node_modules\.staging\nan-d48a1527 is being purged from base C:\Users\Mac\Documents\cactuspiebot
185 verbose gentlyRm don't care about contents; nuking C:\Users\Mac\Documents\cactuspiebot\node_modules\.staging\nan-d48a1527
186 verbose unbuild node_modules\.staging\zerorpc-c849aafc
187 verbose tar unpack C:\Users\Mac\AppData\Roaming\npm-cache\nan\2.7.0\package.tgz
188 verbose tar unpacking to C:\Users\Mac\Documents\cactuspiebot\node_modules\.staging\nan-d48a1527
189 silly gentlyRm C:\Users\Mac\Documents\cactuspiebot\node_modules\.staging\nan-d48a1527 is being purged
190 verbose gentlyRm don't care about contents; nuking C:\Users\Mac\Documents\cactuspiebot\node_modules\.staging\nan-d48a1527
191 silly gunzTarPerm modes [ '777', '666' ]
192 silly gentlyRm C:\Users\Mac\Documents\cactuspiebot\node_modules\.staging\msgpack-4f2c13c1 is being purged from base C:\Users\Mac\Documents\cactuspiebot
193 verbose gentlyRm don't care about contents; nuking C:\Users\Mac\Documents\cactuspiebot\node_modules\.staging\msgpack-4f2c13c1
194 verbose tar unpack C:\Users\Mac\AppData\Roaming\npm-cache\msgpack\1.0.2\package.tgz
195 verbose tar unpacking to C:\Users\Mac\Documents\cactuspiebot\node_modules\.staging\msgpack-4f2c13c1
196 silly gentlyRm C:\Users\Mac\Documents\cactuspiebot\node_modules\.staging\msgpack-4f2c13c1 is being purged
197 verbose gentlyRm don't care about contents; nuking C:\Users\Mac\Documents\cactuspiebot\node_modules\.staging\msgpack-4f2c13c1
198 silly gentlyRm C:\Users\Mac\Documents\cactuspiebot\node_modules\.staging\zerorpc-c849aafc is being purged from base C:\Users\Mac\Documents\cactuspiebot
199 verbose gentlyRm don't care about contents; nuking C:\Users\Mac\Documents\cactuspiebot\node_modules\.staging\zerorpc-c849aafc
200 silly gunzTarPerm modes [ '777', '666' ]
201 verbose tar unpack C:\Users\Mac\AppData\Roaming\npm-cache\zerorpc\0.9.7\package.tgz
202 verbose tar unpacking to C:\Users\Mac\Documents\cactuspiebot\node_modules\.staging\zerorpc-c849aafc
203 silly gentlyRm C:\Users\Mac\Documents\cactuspiebot\node_modules\.staging\zerorpc-c849aafc is being purged
204 verbose gentlyRm don't care about contents; nuking C:\Users\Mac\Documents\cactuspiebot\node_modules\.staging\zerorpc-c849aafc
205 silly gunzTarPerm modes [ '777', '666' ]
206 silly gunzTarPerm extractEntry package.json
207 silly gunzTarPerm modified mode [ 'package.json', 436, 438 ]
208 silly gunzTarPerm extractEntry package.json
209 silly gunzTarPerm modified mode [ 'package.json', 420, 438 ]
210 silly gunzTarPerm extractEntry package.json
211 silly gunzTarPerm modified mode [ 'package.json', 436, 438 ]
212 silly gunzTarPerm extractEntry README.md
213 silly gunzTarPerm modified mode [ 'README.md', 436, 438 ]
214 silly gunzTarPerm extractEntry include_dirs.js
215 silly gunzTarPerm modified mode [ 'include_dirs.js', 436, 438 ]
216 silly gunzTarPerm extractEntry .npmignore
217 silly gunzTarPerm modified mode [ '.npmignore', 420, 438 ]
218 silly gunzTarPerm extractEntry README.md
219 silly gunzTarPerm modified mode [ 'README.md', 420, 438 ]
220 silly gunzTarPerm extractEntry .npmignore
221 silly gunzTarPerm modified mode [ '.npmignore', 436, 438 ]
222 silly gunzTarPerm extractEntry README.md
223 silly gunzTarPerm modified mode [ 'README.md', 436, 438 ]
224 silly gunzTarPerm extractEntry nan_converters_43_inl.h
225 silly gunzTarPerm modified mode [ 'nan_converters_43_inl.h', 436, 438 ]
226 silly gunzTarPerm extractEntry LICENSE.md
227 silly gunzTarPerm modified mode [ 'LICENSE.md', 436, 438 ]
228 silly gunzTarPerm extractEntry doc/new.md
229 silly gunzTarPerm modified mode [ 'doc/new.md', 436, 438 ]
230 silly gunzTarPerm extractEntry LICENSE
231 silly gunzTarPerm modified mode [ 'LICENSE', 420, 438 ]
232 silly gunzTarPerm extractEntry bin/json2msgpack
233 silly gunzTarPerm modified mode [ 'bin/json2msgpack', 493, 511 ]
234 silly gunzTarPerm extractEntry doc/asyncworker.md
235 silly gunzTarPerm modified mode [ 'doc/asyncworker.md', 436, 438 ]
236 silly gunzTarPerm extractEntry bin/msgpack2json
237 silly gunzTarPerm modified mode [ 'bin/msgpack2json', 493, 511 ]
238 silly gunzTarPerm extractEntry binding.gyp
239 silly gunzTarPerm modified mode [ 'binding.gyp', 420, 438 ]
240 silly gunzTarPerm extractEntry doc/callback.md
241 silly gunzTarPerm modified mode [ 'doc/callback.md', 436, 438 ]
242 silly gunzTarPerm extractEntry doc/converters.md
243 silly gunzTarPerm modified mode [ 'doc/converters.md', 436, 438 ]
244 silly gunzTarPerm extractEntry LICENSE
245 silly gunzTarPerm modified mode [ 'LICENSE', 436, 438 ]
246 silly gunzTarPerm extractEntry index.js
247 silly gunzTarPerm modified mode [ 'index.js', 436, 438 ]
248 silly gunzTarPerm extractEntry deps/msgpack/LICENSE
249 silly gunzTarPerm modified mode [ 'deps/msgpack/LICENSE', 420, 438 ]
250 silly gunzTarPerm extractEntry deps/msgpack/msgpack.h
251 silly gunzTarPerm modified mode [ 'deps/msgpack/msgpack.h', 420, 438 ]
252 silly gunzTarPerm extractEntry doc/errors.md
253 silly gunzTarPerm modified mode [ 'doc/errors.md', 436, 438 ]
254 silly gunzTarPerm extractEntry doc/json.md
255 silly gunzTarPerm modified mode [ 'doc/json.md', 436, 438 ]
256 silly gunzTarPerm extractEntry deps/msgpack/AUTHORS
257 silly gunzTarPerm modified mode [ 'deps/msgpack/AUTHORS', 420, 438 ]
258 silly gunzTarPerm extractEntry deps/msgpack/gcc_atomic.hpp
259 silly gunzTarPerm modified mode [ 'deps/msgpack/gcc_atomic.hpp', 420, 438 ]
260 silly gunzTarPerm extractEntry .travis.yml
261 silly gunzTarPerm modified mode [ '.travis.yml', 436, 438 ]
262 silly gunzTarPerm extractEntry lib/buffer.js
263 silly gunzTarPerm modified mode [ 'lib/buffer.js', 384, 438 ]
264 silly gunzTarPerm extractEntry doc/maybe_types.md
265 silly gunzTarPerm modified mode [ 'doc/maybe_types.md', 436, 438 ]
266 silly gunzTarPerm extractEntry doc/methods.md
267 silly gunzTarPerm modified mode [ 'doc/methods.md', 436, 438 ]
268 silly gunzTarPerm extractEntry lib/channel.js
269 silly gunzTarPerm modified mode [ 'lib/channel.js', 384, 438 ]
270 silly gunzTarPerm extractEntry lib/client.js
271 silly gunzTarPerm modified mode [ 'lib/client.js', 436, 438 ]
272 silly gunzTarPerm extractEntry lib/events.js
273 silly gunzTarPerm modified mode [ 'lib/events.js', 436, 438 ]
274 silly gunzTarPerm extractEntry lib/middleware.js
275 silly gunzTarPerm modified mode [ 'lib/middleware.js', 384, 438 ]
276 silly gunzTarPerm extractEntry lib/server.js
277 silly gunzTarPerm modified mode [ 'lib/server.js', 436, 438 ]
278 silly gunzTarPerm extractEntry lib/socket.js
279 silly gunzTarPerm modified mode [ 'lib/socket.js', 384, 438 ]
280 silly gunzTarPerm extractEntry lib/util.js
281 silly gunzTarPerm modified mode [ 'lib/util.js', 384, 438 ]
282 silly gunzTarPerm extractEntry test/buffers.js
283 silly gunzTarPerm modified mode [ 'test/buffers.js', 384, 438 ]
284 silly gunzTarPerm extractEntry test/errors.js
285 silly gunzTarPerm modified mode [ 'test/errors.js', 384, 438 ]
286 silly gunzTarPerm extractEntry test/heartbeats.js
287 silly gunzTarPerm modified mode [ 'test/heartbeats.js', 384, 438 ]
288 silly gunzTarPerm extractEntry test/invocation.js
289 silly gunzTarPerm modified mode [ 'test/invocation.js', 384, 438 ]
290 silly gunzTarPerm extractEntry test/repro-10.js
291 silly gunzTarPerm modified mode [ 'test/repro-10.js', 384, 438 ]
292 silly gunzTarPerm extractEntry test/streams.js
293 silly gunzTarPerm modified mode [ 'test/streams.js', 384, 438 ]
294 silly gunzTarPerm extractEntry test/timeouts.js
295 silly gunzTarPerm modified mode [ 'test/timeouts.js', 436, 438 ]
296 silly gunzTarPerm extractEntry test/lib/testutil.js
297 silly gunzTarPerm modified mode [ 'test/lib/testutil.js', 384, 438 ]
298 silly gunzTarPerm extractEntry doc/buffers.md
299 silly gunzTarPerm modified mode [ 'doc/buffers.md', 436, 438 ]
300 silly gunzTarPerm extractEntry doc/node_misc.md
301 silly gunzTarPerm modified mode [ 'doc/node_misc.md', 436, 438 ]
302 silly gunzTarPerm extractEntry deps/msgpack/msgpack/sysdep.h
303 silly gunzTarPerm modified mode [ 'deps/msgpack/msgpack/sysdep.h', 420, 438 ]
304 silly gunzTarPerm extractEntry deps/msgpack/msgpack/adaptor/list.hpp
305 silly gunzTarPerm modified mode [ 'deps/msgpack/msgpack/adaptor/list.hpp', 420, 438 ]
306 silly gunzTarPerm extractEntry deps/msgpack/msgpack/adaptor/adaptor_base.hpp
307 silly gunzTarPerm modified mode [ 'deps/msgpack/msgpack/adaptor/adaptor_base.hpp', 420, 438 ]
308 silly gunzTarPerm extractEntry deps/msgpack/msgpack/adaptor/char_ptr.hpp
309 silly gunzTarPerm modified mode [ 'deps/msgpack/msgpack/adaptor/char_ptr.hpp', 420, 438 ]
310 silly gunzTarPerm extractEntry doc/object_wrappers.md
311 silly gunzTarPerm modified mode [ 'doc/object_wrappers.md', 436, 438 ]
312 silly gunzTarPerm extractEntry doc/persistent.md
313 silly gunzTarPerm modified mode [ 'doc/persistent.md', 436, 438 ]
314 silly gunzTarPerm extractEntry deps/msgpack/msgpack/adaptor/check_container_size.hpp
315 silly gunzTarPerm modified mode [ 'deps/msgpack/msgpack/adaptor/check_container_size.hpp',
315 silly gunzTarPerm   420,
315 silly gunzTarPerm   438 ]
316 silly gunzTarPerm extractEntry deps/msgpack/msgpack/adaptor/cpp11/array.hpp
317 silly gunzTarPerm modified mode [ 'deps/msgpack/msgpack/adaptor/cpp11/array.hpp', 420, 438 ]
318 silly gunzTarPerm extractEntry doc/scopes.md
319 silly gunzTarPerm modified mode [ 'doc/scopes.md', 436, 438 ]
320 silly gunzTarPerm extractEntry doc/script.md
321 silly gunzTarPerm modified mode [ 'doc/script.md', 436, 438 ]
322 silly gunzTarPerm extractEntry doc/string_bytes.md
323 silly gunzTarPerm modified mode [ 'doc/string_bytes.md', 436, 438 ]
324 silly gunzTarPerm extractEntry doc/v8_internals.md
325 silly gunzTarPerm modified mode [ 'doc/v8_internals.md', 436, 438 ]
326 silly gunzTarPerm extractEntry deps/msgpack/msgpack/adaptor/cpp11/array_char.hpp
327 silly gunzTarPerm modified mode [ 'deps/msgpack/msgpack/adaptor/cpp11/array_char.hpp', 420, 438 ]
328 silly gunzTarPerm extractEntry deps/msgpack/msgpack/adaptor/cpp11/forward_list.hpp
329 silly gunzTarPerm modified mode [ 'deps/msgpack/msgpack/adaptor/cpp11/forward_list.hpp',
329 silly gunzTarPerm   420,
329 silly gunzTarPerm   438 ]
330 silly gunzTarPerm extractEntry doc/v8_misc.md
331 silly gunzTarPerm modified mode [ 'doc/v8_misc.md', 436, 438 ]
332 silly gunzTarPerm extractEntry nan.h
333 silly gunzTarPerm modified mode [ 'nan.h', 436, 438 ]
334 silly gunzTarPerm extractEntry deps/msgpack/msgpack/adaptor/cpp11/tuple.hpp
335 silly gunzTarPerm modified mode [ 'deps/msgpack/msgpack/adaptor/cpp11/tuple.hpp', 420, 438 ]
336 silly gunzTarPerm extractEntry deps/msgpack/msgpack/adaptor/cpp11/unordered_map.hpp
337 silly gunzTarPerm modified mode [ 'deps/msgpack/msgpack/adaptor/cpp11/unordered_map.hpp',
337 silly gunzTarPerm   420,
337 silly gunzTarPerm   438 ]
338 silly gunzTarPerm extractEntry nan_callbacks.h
339 silly gunzTarPerm modified mode [ 'nan_callbacks.h', 436, 438 ]
340 silly gunzTarPerm extractEntry deps/msgpack/msgpack/adaptor/cpp11/unordered_set.hpp
341 silly gunzTarPerm modified mode [ 'deps/msgpack/msgpack/adaptor/cpp11/unordered_set.hpp',
341 silly gunzTarPerm   420,
341 silly gunzTarPerm   438 ]
342 silly gunzTarPerm extractEntry deps/msgpack/msgpack/adaptor/define.hpp
343 silly gunzTarPerm modified mode [ 'deps/msgpack/msgpack/adaptor/define.hpp', 420, 438 ]
344 silly gunzTarPerm extractEntry nan_callbacks_12_inl.h
345 silly gunzTarPerm modified mode [ 'nan_callbacks_12_inl.h', 436, 438 ]
346 silly gunzTarPerm extractEntry nan_callbacks_pre_12_inl.h
347 silly gunzTarPerm modified mode [ 'nan_callbacks_pre_12_inl.h', 436, 438 ]
348 silly gunzTarPerm extractEntry nan_converters.h
349 silly gunzTarPerm modified mode [ 'nan_converters.h', 436, 438 ]
350 silly gunzTarPerm extractEntry deps/msgpack/msgpack/adaptor/deque.hpp
351 silly gunzTarPerm modified mode [ 'deps/msgpack/msgpack/adaptor/deque.hpp', 420, 438 ]
352 silly gunzTarPerm extractEntry deps/msgpack/msgpack/adaptor/detail/cpp03_define.hpp
353 silly gunzTarPerm modified mode [ 'deps/msgpack/msgpack/adaptor/detail/cpp03_define.hpp',
353 silly gunzTarPerm   420,
353 silly gunzTarPerm   438 ]
354 silly gunzTarPerm extractEntry nan_converters_pre_43_inl.h
355 silly gunzTarPerm modified mode [ 'nan_converters_pre_43_inl.h', 436, 438 ]
356 silly gunzTarPerm extractEntry deps/msgpack/msgpack/adaptor/detail/cpp03_msgpack_tuple.hpp
357 silly gunzTarPerm modified mode [ 'deps/msgpack/msgpack/adaptor/detail/cpp03_msgpack_tuple.hpp',
357 silly gunzTarPerm   420,
357 silly gunzTarPerm   438 ]
358 silly gunzTarPerm extractEntry nan_implementation_12_inl.h
359 silly gunzTarPerm modified mode [ 'nan_implementation_12_inl.h', 436, 438 ]
360 silly gunzTarPerm extractEntry nan_implementation_pre_12_inl.h
361 silly gunzTarPerm modified mode [ 'nan_implementation_pre_12_inl.h', 436, 438 ]
362 silly gunzTarPerm extractEntry nan_json.h
363 silly gunzTarPerm modified mode [ 'nan_json.h', 436, 438 ]
364 silly gunzTarPerm extractEntry deps/msgpack/msgpack/adaptor/detail/cpp11_define.hpp
365 silly gunzTarPerm modified mode [ 'deps/msgpack/msgpack/adaptor/detail/cpp11_define.hpp',
365 silly gunzTarPerm   420,
365 silly gunzTarPerm   438 ]
366 silly gunzTarPerm extractEntry nan_maybe_43_inl.h
367 silly gunzTarPerm modified mode [ 'nan_maybe_43_inl.h', 436, 438 ]
368 silly gunzTarPerm extractEntry deps/msgpack/msgpack/adaptor/detail/cpp11_msgpack_tuple.hpp
369 silly gunzTarPerm modified mode [ 'deps/msgpack/msgpack/adaptor/detail/cpp11_msgpack_tuple.hpp',
369 silly gunzTarPerm   420,
369 silly gunzTarPerm   438 ]
370 silly gunzTarPerm extractEntry deps/msgpack/msgpack/adaptor/fixint.hpp
371 silly gunzTarPerm modified mode [ 'deps/msgpack/msgpack/adaptor/fixint.hpp', 420, 438 ]
372 silly gunzTarPerm extractEntry nan_maybe_pre_43_inl.h
373 silly gunzTarPerm modified mode [ 'nan_maybe_pre_43_inl.h', 436, 438 ]
374 silly gunzTarPerm extractEntry nan_new.h
375 silly gunzTarPerm modified mode [ 'nan_new.h', 436, 438 ]
376 silly gunzTarPerm extractEntry deps/msgpack/msgpack/adaptor/float.hpp
377 silly gunzTarPerm modified mode [ 'deps/msgpack/msgpack/adaptor/float.hpp', 420, 438 ]
378 silly gunzTarPerm extractEntry deps/msgpack/msgpack/adaptor/int.hpp
379 silly gunzTarPerm modified mode [ 'deps/msgpack/msgpack/adaptor/int.hpp', 420, 438 ]
380 silly gunzTarPerm extractEntry nan_object_wrap.h
381 silly gunzTarPerm modified mode [ 'nan_object_wrap.h', 436, 438 ]
382 silly gunzTarPerm extractEntry nan_persistent_12_inl.h
383 silly gunzTarPerm modified mode [ 'nan_persistent_12_inl.h', 436, 438 ]
384 silly gunzTarPerm extractEntry deps/msgpack/msgpack/adaptor/bool.hpp
385 silly gunzTarPerm modified mode [ 'deps/msgpack/msgpack/adaptor/bool.hpp', 420, 438 ]
386 silly gunzTarPerm extractEntry deps/msgpack/msgpack/adaptor/map.hpp
387 silly gunzTarPerm modified mode [ 'deps/msgpack/msgpack/adaptor/map.hpp', 420, 438 ]
388 silly gunzTarPerm extractEntry nan_persistent_pre_12_inl.h
389 silly gunzTarPerm modified mode [ 'nan_persistent_pre_12_inl.h', 436, 438 ]
390 silly gunzTarPerm extractEntry nan_private.h
391 silly gunzTarPerm modified mode [ 'nan_private.h', 436, 438 ]
392 silly gunzTarPerm extractEntry deps/msgpack/msgpack/adaptor/msgpack_tuple.hpp
393 silly gunzTarPerm modified mode [ 'deps/msgpack/msgpack/adaptor/msgpack_tuple.hpp', 420, 438 ]
394 silly gunzTarPerm extractEntry deps/msgpack/msgpack/adaptor/nil.hpp
395 silly gunzTarPerm modified mode [ 'deps/msgpack/msgpack/adaptor/nil.hpp', 420, 438 ]
396 silly gunzTarPerm extractEntry nan_string_bytes.h
397 silly gunzTarPerm modified mode [ 'nan_string_bytes.h', 436, 438 ]
398 silly gunzTarPerm extractEntry nan_typedarray_contents.h
399 silly gunzTarPerm modified mode [ 'nan_typedarray_contents.h', 436, 438 ]
400 silly gunzTarPerm extractEntry nan_weak.h
401 silly gunzTarPerm modified mode [ 'nan_weak.h', 436, 438 ]
402 silly gunzTarPerm extractEntry CHANGELOG.md
403 silly gunzTarPerm modified mode [ 'CHANGELOG.md', 436, 438 ]
404 silly gunzTarPerm extractEntry deps/msgpack/msgpack/adaptor/pair.hpp
405 silly gunzTarPerm modified mode [ 'deps/msgpack/msgpack/adaptor/pair.hpp', 420, 438 ]
406 silly gunzTarPerm extractEntry deps/msgpack/msgpack/adaptor/raw.hpp
407 silly gunzTarPerm modified mode [ 'deps/msgpack/msgpack/adaptor/raw.hpp', 420, 438 ]
408 silly gunzTarPerm extractEntry deps/msgpack/msgpack/adaptor/set.hpp
409 silly gunzTarPerm modified mode [ 'deps/msgpack/msgpack/adaptor/set.hpp', 420, 438 ]
410 silly gunzTarPerm extractEntry deps/msgpack/msgpack/adaptor/string.hpp
411 silly gunzTarPerm modified mode [ 'deps/msgpack/msgpack/adaptor/string.hpp', 420, 438 ]
412 silly gunzTarPerm extractEntry tools/package.json
413 silly gunzTarPerm modified mode [ 'tools/package.json', 436, 438 ]
414 silly gunzTarPerm extractEntry tools/README.md
415 silly gunzTarPerm modified mode [ 'tools/README.md', 436, 438 ]
416 silly gunzTarPerm extractEntry tools/1to2.js
417 silly gunzTarPerm modified mode [ 'tools/1to2.js', 509, 511 ]
418 silly gunzTarPerm extractEntry deps/msgpack/msgpack/adaptor/tr1/unordered_map.hpp
419 silly gunzTarPerm modified mode [ 'deps/msgpack/msgpack/adaptor/tr1/unordered_map.hpp',
419 silly gunzTarPerm   420,
419 silly gunzTarPerm   438 ]
420 silly gunzTarPerm extractEntry deps/msgpack/msgpack/adaptor/tr1/unordered_set.hpp
421 silly gunzTarPerm modified mode [ 'deps/msgpack/msgpack/adaptor/tr1/unordered_set.hpp',
421 silly gunzTarPerm   420,
421 silly gunzTarPerm   438 ]
422 silly gunzTarPerm extractEntry deps/msgpack/msgpack/adaptor/vector.hpp
423 silly gunzTarPerm modified mode [ 'deps/msgpack/msgpack/adaptor/vector.hpp', 420, 438 ]
424 silly gunzTarPerm extractEntry deps/msgpack/msgpack/adaptor/vector_bool.hpp
425 silly gunzTarPerm modified mode [ 'deps/msgpack/msgpack/adaptor/vector_bool.hpp', 420, 438 ]
426 silly gunzTarPerm extractEntry deps/msgpack/msgpack/adaptor/vector_char.hpp
427 silly gunzTarPerm modified mode [ 'deps/msgpack/msgpack/adaptor/vector_char.hpp', 420, 438 ]
428 silly gunzTarPerm extractEntry deps/msgpack/msgpack/detail/cpp03_zone.hpp
429 silly gunzTarPerm modified mode [ 'deps/msgpack/msgpack/detail/cpp03_zone.hpp', 420, 438 ]
430 silly gunzTarPerm extractEntry deps/msgpack/msgpack/detail/cpp11_zone.hpp
431 silly gunzTarPerm modified mode [ 'deps/msgpack/msgpack/detail/cpp11_zone.hpp', 420, 438 ]
432 silly gunzTarPerm extractEntry deps/msgpack/msgpack/fbuffer.h
433 silly gunzTarPerm modified mode [ 'deps/msgpack/msgpack/fbuffer.h', 420, 438 ]
434 silly gunzTarPerm extractEntry deps/msgpack/msgpack/fbuffer.hpp
435 silly gunzTarPerm modified mode [ 'deps/msgpack/msgpack/fbuffer.hpp', 420, 438 ]
436 silly gunzTarPerm extractEntry deps/msgpack/msgpack/gcc_atomic.h
437 silly gunzTarPerm modified mode [ 'deps/msgpack/msgpack/gcc_atomic.h', 420, 438 ]
438 silly gentlyRm C:\Users\Mac\Documents\cactuspiebot\node_modules\.staging\zerorpc-c849aafc\node_modules is being purged
439 verbose gentlyRm don't care about contents; nuking C:\Users\Mac\Documents\cactuspiebot\node_modules\.staging\zerorpc-c849aafc\node_modules
440 silly gunzTarPerm extractEntry deps/msgpack/msgpack/iterator.hpp
441 silly gunzTarPerm modified mode [ 'deps/msgpack/msgpack/iterator.hpp', 420, 438 ]
442 silly gunzTarPerm extractEntry deps/msgpack/msgpack/object.h
443 silly gunzTarPerm modified mode [ 'deps/msgpack/msgpack/object.h', 420, 438 ]
444 silly gunzTarPerm extractEntry deps/msgpack/msgpack/object.hpp
445 silly gunzTarPerm modified mode [ 'deps/msgpack/msgpack/object.hpp', 420, 438 ]
446 silly gunzTarPerm extractEntry deps/msgpack/msgpack/object_fwd.hpp
447 silly gunzTarPerm modified mode [ 'deps/msgpack/msgpack/object_fwd.hpp', 420, 438 ]
448 silly gunzTarPerm extractEntry deps/msgpack/msgpack/pack.h
449 silly gunzTarPerm modified mode [ 'deps/msgpack/msgpack/pack.h', 420, 438 ]
450 silly gunzTarPerm extractEntry deps/msgpack/msgpack/pack.hpp
451 silly gunzTarPerm modified mode [ 'deps/msgpack/msgpack/pack.hpp', 420, 438 ]
452 silly gunzTarPerm extractEntry deps/msgpack/msgpack/pack_define.h
453 silly gunzTarPerm modified mode [ 'deps/msgpack/msgpack/pack_define.h', 420, 438 ]
454 silly gunzTarPerm extractEntry deps/msgpack/msgpack/pack_template.h
455 silly gunzTarPerm modified mode [ 'deps/msgpack/msgpack/pack_template.h', 420, 438 ]
456 silly gunzTarPerm extractEntry deps/msgpack/msgpack/sbuffer.h
457 silly gunzTarPerm modified mode [ 'deps/msgpack/msgpack/sbuffer.h', 420, 438 ]
458 silly gunzTarPerm extractEntry deps/msgpack/msgpack/sbuffer.hpp
459 silly gunzTarPerm modified mode [ 'deps/msgpack/msgpack/sbuffer.hpp', 420, 438 ]
460 silly gunzTarPerm extractEntry deps/msgpack/msgpack/cpp_config.hpp
461 silly gunzTarPerm modified mode [ 'deps/msgpack/msgpack/cpp_config.hpp', 420, 438 ]
462 silly gunzTarPerm extractEntry deps/msgpack/msgpack/type.hpp
463 silly gunzTarPerm modified mode [ 'deps/msgpack/msgpack/type.hpp', 420, 438 ]
464 silly gunzTarPerm extractEntry deps/msgpack/msgpack/unpack.h
465 silly gunzTarPerm modified mode [ 'deps/msgpack/msgpack/unpack.h', 420, 438 ]
466 silly gunzTarPerm extractEntry deps/msgpack/msgpack/unpack.hpp
467 silly gunzTarPerm modified mode [ 'deps/msgpack/msgpack/unpack.hpp', 420, 438 ]
468 silly gunzTarPerm extractEntry deps/msgpack/msgpack/unpack_define.h
469 silly gunzTarPerm modified mode [ 'deps/msgpack/msgpack/unpack_define.h', 420, 438 ]
470 silly gunzTarPerm extractEntry deps/msgpack/msgpack/unpack_template.h
471 silly gunzTarPerm modified mode [ 'deps/msgpack/msgpack/unpack_template.h', 420, 438 ]
472 silly gunzTarPerm extractEntry deps/msgpack/msgpack/util.h
473 silly gunzTarPerm modified mode [ 'deps/msgpack/msgpack/util.h', 420, 438 ]
474 silly gunzTarPerm extractEntry deps/msgpack/msgpack/version.h
475 silly gunzTarPerm modified mode [ 'deps/msgpack/msgpack/version.h', 420, 438 ]
476 silly gunzTarPerm extractEntry deps/msgpack/msgpack/version.hpp
477 silly gunzTarPerm modified mode [ 'deps/msgpack/msgpack/version.hpp', 420, 438 ]
478 silly gunzTarPerm extractEntry deps/msgpack/msgpack/version_master.h
479 silly gunzTarPerm modified mode [ 'deps/msgpack/msgpack/version_master.h', 420, 438 ]
480 silly gunzTarPerm extractEntry deps/msgpack/msgpack/versioning.hpp
481 silly gunzTarPerm modified mode [ 'deps/msgpack/msgpack/versioning.hpp', 420, 438 ]
482 silly gunzTarPerm extractEntry deps/msgpack/msgpack/vrefbuffer.h
483 silly gunzTarPerm modified mode [ 'deps/msgpack/msgpack/vrefbuffer.h', 420, 438 ]
484 silly gunzTarPerm extractEntry deps/msgpack/msgpack/vrefbuffer.hpp
485 silly gunzTarPerm modified mode [ 'deps/msgpack/msgpack/vrefbuffer.hpp', 420, 438 ]
486 silly gunzTarPerm extractEntry deps/msgpack/msgpack/zbuffer.h
487 silly gunzTarPerm modified mode [ 'deps/msgpack/msgpack/zbuffer.h', 420, 438 ]
488 silly gunzTarPerm extractEntry deps/msgpack/msgpack/zbuffer.hpp
489 silly gunzTarPerm modified mode [ 'deps/msgpack/msgpack/zbuffer.hpp', 420, 438 ]
490 silly gunzTarPerm extractEntry deps/msgpack/msgpack/zone.h
491 silly gunzTarPerm modified mode [ 'deps/msgpack/msgpack/zone.h', 420, 438 ]
492 silly gunzTarPerm extractEntry deps/msgpack/msgpack/zone.hpp
493 silly gunzTarPerm modified mode [ 'deps/msgpack/msgpack/zone.hpp', 420, 438 ]
494 silly gunzTarPerm extractEntry deps/msgpack/msgpack.gyp
495 silly gunzTarPerm modified mode [ 'deps/msgpack/msgpack.gyp', 420, 438 ]
496 silly gunzTarPerm extractEntry deps/msgpack/COPYING
497 silly gunzTarPerm modified mode [ 'deps/msgpack/COPYING', 420, 438 ]
498 silly gunzTarPerm extractEntry deps/msgpack/msgpack.hpp
499 silly gunzTarPerm modified mode [ 'deps/msgpack/msgpack.hpp', 420, 438 ]
500 silly gunzTarPerm extractEntry deps/msgpack/objectc.c
501 silly gunzTarPerm modified mode [ 'deps/msgpack/objectc.c', 420, 438 ]
502 silly gunzTarPerm extractEntry deps/msgpack/unpack.c
503 silly gunzTarPerm modified mode [ 'deps/msgpack/unpack.c', 420, 438 ]
504 silly gunzTarPerm extractEntry deps/msgpack/version.c
505 silly gunzTarPerm modified mode [ 'deps/msgpack/version.c', 420, 438 ]
506 silly gunzTarPerm extractEntry deps/msgpack/vrefbuffer.c
507 silly gunzTarPerm modified mode [ 'deps/msgpack/vrefbuffer.c', 420, 438 ]
508 silly gunzTarPerm extractEntry deps/msgpack/zone.c
509 silly gunzTarPerm modified mode [ 'deps/msgpack/zone.c', 420, 438 ]
510 silly gunzTarPerm extractEntry lib/msgpack.js
511 silly gunzTarPerm modified mode [ 'lib/msgpack.js', 420, 438 ]
512 silly gunzTarPerm extractEntry src/msgpack.cc
513 silly gunzTarPerm modified mode [ 'src/msgpack.cc', 420, 438 ]
514 silly gunzTarPerm extractEntry .travis.yml
515 silly gunzTarPerm modified mode [ '.travis.yml', 420, 438 ]
516 silly gunzTarPerm extractEntry run_tests
517 silly gunzTarPerm modified mode [ 'run_tests', 493, 511 ]
518 silly gunzTarPerm extractEntry test/regression.js
519 silly gunzTarPerm modified mode [ 'test/regression.js', 420, 438 ]
520 silly gunzTarPerm extractEntry test/benchmark/benchmark.js
521 silly gunzTarPerm modified mode [ 'test/benchmark/benchmark.js', 420, 438 ]
522 silly gunzTarPerm extractEntry test/fixtures/stub.js
523 silly gunzTarPerm modified mode [ 'test/fixtures/stub.js', 420, 438 ]
524 silly gunzTarPerm extractEntry test/lib/msgpack.js
525 silly gunzTarPerm modified mode [ 'test/lib/msgpack.js', 420, 438 ]
526 silly gentlyRm C:\Users\Mac\Documents\cactuspiebot\node_modules\.staging\nan-d48a1527\node_modules is being purged
527 verbose gentlyRm don't care about contents; nuking C:\Users\Mac\Documents\cactuspiebot\node_modules\.staging\nan-d48a1527\node_modules
528 silly gentlyRm C:\Users\Mac\Documents\cactuspiebot\node_modules\.staging\msgpack-4f2c13c1\node_modules is being purged
529 verbose gentlyRm don't care about contents; nuking C:\Users\Mac\Documents\cactuspiebot\node_modules\.staging\msgpack-4f2c13c1\node_modules
530 silly doParallel preinstall 3
531 silly preinstall nan@2.7.0 C:\Users\Mac\Documents\cactuspiebot\node_modules\.staging\nan-d48a1527
532 info lifecycle nan@2.7.0~preinstall: nan@2.7.0
533 silly preinstall msgpack@1.0.2 C:\Users\Mac\Documents\cactuspiebot\node_modules\.staging\msgpack-4f2c13c1
534 info lifecycle msgpack@1.0.2~preinstall: msgpack@1.0.2
535 silly preinstall zerorpc@0.9.7 C:\Users\Mac\Documents\cactuspiebot\node_modules\.staging\zerorpc-c849aafc
536 info lifecycle zerorpc@0.9.7~preinstall: zerorpc@0.9.7
537 silly lifecycle nan@2.7.0~preinstall: no script for preinstall, continuing
538 silly lifecycle msgpack@1.0.2~preinstall: no script for preinstall, continuing
539 silly lifecycle zerorpc@0.9.7~preinstall: no script for preinstall, continuing
540 silly doReverseSerial remove 0
541 silly doSerial move 0
542 silly doSerial finalize 3
543 silly finalize C:\Users\Mac\Documents\cactuspiebot\node_modules\nan
544 silly finalize C:\Users\Mac\Documents\cactuspiebot\node_modules\msgpack
545 silly finalize C:\Users\Mac\Documents\cactuspiebot\node_modules\zerorpc
546 silly doSerial build 3
547 silly build nan@2.7.0
548 info linkStuff nan@2.7.0
549 silly linkStuff nan@2.7.0 has C:\Users\Mac\Documents\cactuspiebot\node_modules as its parent node_modules
550 verbose linkBins nan@2.7.0
551 verbose linkMans nan@2.7.0
552 silly build msgpack@1.0.2
553 info linkStuff msgpack@1.0.2
554 silly linkStuff msgpack@1.0.2 has C:\Users\Mac\Documents\cactuspiebot\node_modules as its parent node_modules
555 verbose linkBins msgpack@1.0.2
556 verbose link bins [ { json2msgpack: './bin/json2msgpack',
556 verbose link bins     msgpack2json: './bin/msgpack2json' },
556 verbose link bins   'C:\\Users\\Mac\\Documents\\cactuspiebot\\node_modules\\.bin',
556 verbose link bins   false ]
557 verbose linkMans msgpack@1.0.2
558 silly build zerorpc@0.9.7
559 info linkStuff zerorpc@0.9.7
560 silly linkStuff zerorpc@0.9.7 has C:\Users\Mac\Documents\cactuspiebot\node_modules as its parent node_modules
561 verbose linkBins zerorpc@0.9.7
562 verbose linkMans zerorpc@0.9.7
563 silly doSerial global-link 0
564 silly doParallel update-linked 0
565 silly doSerial install 3
566 silly install nan@2.7.0 C:\Users\Mac\Documents\cactuspiebot\node_modules\.staging\nan-d48a1527
567 info lifecycle nan@2.7.0~install: nan@2.7.0
568 silly lifecycle nan@2.7.0~install: no script for install, continuing
569 silly install msgpack@1.0.2 C:\Users\Mac\Documents\cactuspiebot\node_modules\.staging\msgpack-4f2c13c1
570 info lifecycle msgpack@1.0.2~install: msgpack@1.0.2
571 verbose lifecycle msgpack@1.0.2~install: unsafe-perm in lifecycle true
572 verbose lifecycle msgpack@1.0.2~install: PATH: C:\Users\Mac\AppData\Roaming\npm\node_modules\npm\bin\node-gyp-bin;C:\Users\Mac\Documents\cactuspiebot\node_modules\msgpack\node_modules\.bin;C:\Users\Mac\Documents\cactuspiebot\node_modules\.bin;C:\Program Files\Java\jdk1.8.0_73\bin;C:\ProgramData\Oracle\Java\javapath;C:\Program Files\Dell\DW WLAN Card;C:\Program Files (x86)\NVIDIA Corporation\PhysX\Common;C:\Program Files (x86)\Intel\iCLS Client\;C:\Program Files\Intel\iCLS Client\;C:\WINDOWS\system32;C:\WINDOWS;C:\WINDOWS\System32\Wbem;C:\WINDOWS\System32\WindowsPowerShell\v1.0\;C:\Program Files\WIDCOMM\Bluetooth Software\;C:\Program Files\WIDCOMM\Bluetooth Software\syswow64;C:\Program Files\Intel\Intel(R) Management Engine Components\DAL;C:\Program Files (x86)\Intel\Intel(R) Management Engine Components\DAL;C:\Program Files\Intel\Intel(R) Management Engine Components\IPT;C:\Program Files (x86)\Intel\Intel(R) Management Engine Components\IPT;C:\Program Files (x86)\Windows Live\Shared;C:\Program Files (x86)\Livestreamer;C:\Program Files (x86)\Toshiba\Bluetooth Toshiba Stack\sys\;C:\Program Files (x86)\Toshiba\Bluetooth Toshiba Stack\sys\x64\;C:\Program Files\OpenSSH\bin;C:\Program Files\nodejs\;C:\Program Files\MATLAB\R2017a\runtime\win64;C:\Program Files\MATLAB\R2017a\bin;C:\Program Files (x86)\Git\cmd;C:\Program Files (x86)\Windows Kits\10\Windows Performance Toolkit\;C:\Program Files\MiKTeX 2.9\miktex\bin\x64\;C:\Users\Mac\Anaconda3;C:\Users\Mac\Anaconda3\Library\mingw-w64\bin;C:\Users\Mac\Anaconda3\Library\usr\bin;C:\Users\Mac\Anaconda3\Library\bin;C:\Users\Mac\Anaconda3\Scripts;C:\Users\Mac\AppData\Local\Programs\Python\Python36\Scripts\;C:\Users\Mac\AppData\Local\Programs\Python\Python36\;C:\Program Files\Java\jdk1.8.0_73\bin;C:\Users\Mac\AppData\Roaming\npm;C:\Users\Mac\AppData\Local\Microsoft\WindowsApps;C:\Users\Mac\AppData\Local\atom\bin;C:\Program Files\PostgreSQL\9.6\bin;C:\Program Files (x86)\VC\bin
573 verbose lifecycle msgpack@1.0.2~install: CWD: C:\Users\Mac\Documents\cactuspiebot\node_modules\msgpack
574 silly lifecycle msgpack@1.0.2~install: Args: [ '/d /s /c', 'node-gyp rebuild' ]
575 silly lifecycle msgpack@1.0.2~install: Returned: code: 1  signal: null
576 info lifecycle msgpack@1.0.2~install: Failed to exec install script
577 verbose unlock done using C:\Users\Mac\AppData\Roaming\npm-cache\_locks\staging-493c02bd22328f43.lock for C:\Users\Mac\Documents\cactuspiebot\node_modules\.staging
578 silly rollbackFailedOptional Starting
579 silly rollbackFailedOptional Finishing
580 silly runTopLevelLifecycles Finishing
581 silly install printInstalled
582 warn cactuspiebot@1.0.0 No repository field.
583 verbose If you need help, you may report this error at:
583 verbose     <https://github.com/npm/npm/issues>
584 verbose stack Error: msgpack@1.0.2 install: `node-gyp rebuild`
584 verbose stack Exit status 1
584 verbose stack     at EventEmitter.<anonymous> (C:\Users\Mac\AppData\Roaming\npm\node_modules\npm\lib\utils\lifecycle.js:255:16)
584 verbose stack     at emitTwo (events.js:87:13)
584 verbose stack     at EventEmitter.emit (events.js:172:7)
584 verbose stack     at ChildProcess.<anonymous> (C:\Users\Mac\AppData\Roaming\npm\node_modules\npm\lib\utils\spawn.js:40:14)
584 verbose stack     at emitTwo (events.js:87:13)
584 verbose stack     at ChildProcess.emit (events.js:172:7)
584 verbose stack     at maybeClose (internal/child_process.js:827:16)
584 verbose stack     at Process.ChildProcess._handle.onexit (internal/child_process.js:211:5)
585 verbose pkgid msgpack@1.0.2
586 verbose cwd C:\Users\Mac\Documents\cactuspiebot
587 error Windows_NT 10.0.15063
588 error argv "C:\\Program Files\\nodejs\\node.exe" "C:\\Users\\Mac\\AppData\\Roaming\\npm\\node_modules\\npm\\bin\\npm-cli.js" "install" "zerorpc" "--save"
589 error node v4.4.7
590 error npm  v3.10.9
591 error code ELIFECYCLE
592 error msgpack@1.0.2 install: `node-gyp rebuild`
592 error Exit status 1
593 error Failed at the msgpack@1.0.2 install script 'node-gyp rebuild'.
593 error Make sure you have the latest version of node.js and npm installed.
593 error If you do, this is most likely a problem with the msgpack package,
593 error not with npm itself.
593 error Tell the author that this fails on your system:
593 error     node-gyp rebuild
593 error You can get information on how to open an issue for this project with:
593 error     npm bugs msgpack
593 error Or if that isn't available, you can get their info via:
593 error     npm owner ls msgpack
593 error There is likely additional logging output above.
594 verbose exit [ 1, true ]
